[14-May-2020 05:41:00 UTC] PHP Warning:  Invalid argument supplied for foreach() in C:\Users\lusal\Local Sites\nutrition-website\app\public\wp-admin\includes\theme.php on line 557
[14-May-2020 05:41:00 UTC] PHP Warning:  Invalid argument supplied for foreach() in C:\Users\lusal\Local Sites\nutrition-website\app\public\wp-admin\includes\theme.php on line 557
[14-May-2020 05:41:00 UTC] PHP Stack trace:
[14-May-2020 05:41:00 UTC] PHP Stack trace:
[14-May-2020 05:41:00 UTC] PHP   1. {main}() C:\Users\lusal\Local Sites\nutrition-website\app\public\wp-admin\admin-ajax.php:0
[14-May-2020 05:41:00 UTC] PHP   1. {main}() C:\Users\lusal\Local Sites\nutrition-website\app\public\wp-admin\admin-ajax.php:0
[14-May-2020 05:41:00 UTC] PHP   2. do_action() C:\Users\lusal\Local Sites\nutrition-website\app\public\wp-admin\admin-ajax.php:175
[14-May-2020 05:41:00 UTC] PHP   2. do_action() C:\Users\lusal\Local Sites\nutrition-website\app\public\wp-admin\admin-ajax.php:175
[14-May-2020 05:41:00 UTC] PHP   3. WP_Hook->do_action() C:\Users\lusal\Local Sites\nutrition-website\app\public\wp-includes\plugin.php:478
[14-May-2020 05:41:00 UTC] PHP   3. WP_Hook->do_action() C:\Users\lusal\Local Sites\nutrition-website\app\public\wp-includes\plugin.php:478
[14-May-2020 05:41:00 UTC] PHP   4. WP_Hook->apply_filters() C:\Users\lusal\Local Sites\nutrition-website\app\public\wp-includes\class-wp-hook.php:311
[14-May-2020 05:41:00 UTC] PHP   4. WP_Hook->apply_filters() C:\Users\lusal\Local Sites\nutrition-website\app\public\wp-includes\class-wp-hook.php:311
[14-May-2020 05:41:00 UTC] PHP   5. wp_ajax_query_themes() C:\Users\lusal\Local Sites\nutrition-website\app\public\wp-includes\class-wp-hook.php:287
[14-May-2020 05:41:00 UTC] PHP   5. wp_ajax_query_themes() C:\Users\lusal\Local Sites\nutrition-website\app\public\wp-includes\class-wp-hook.php:287
[14-May-2020 05:41:00 UTC] PHP   6. themes_api() C:\Users\lusal\Local Sites\nutrition-website\app\public\wp-admin\includes\ajax-actions.php:3512
[14-May-2020 05:41:00 UTC] PHP   6. themes_api() C:\Users\lusal\Local Sites\nutrition-website\app\public\wp-admin\includes\ajax-actions.php:3512
[14-May-2020 05:42:33 UTC] PHP Warning:  Invalid argument supplied for foreach() in C:\Users\lusal\Local Sites\nutrition-website\app\public\wp-admin\includes\theme.php on line 557
[14-May-2020 05:42:33 UTC] PHP Stack trace:
[14-May-2020 05:42:33 UTC] PHP   1. {main}() C:\Users\lusal\Local Sites\nutrition-website\app\public\wp-admin\admin-ajax.php:0
[14-May-2020 05:42:33 UTC] PHP   2. do_action() C:\Users\lusal\Local Sites\nutrition-website\app\public\wp-admin\admin-ajax.php:175
[14-May-2020 05:42:33 UTC] PHP   3. WP_Hook->do_action() C:\Users\lusal\Local Sites\nutrition-website\app\public\wp-includes\plugin.php:478
[14-May-2020 05:42:33 UTC] PHP   4. WP_Hook->apply_filters() C:\Users\lusal\Local Sites\nutrition-website\app\public\wp-includes\class-wp-hook.php:311
[14-May-2020 05:42:33 UTC] PHP   5. wp_ajax_query_themes() C:\Users\lusal\Local Sites\nutrition-website\app\public\wp-includes\class-wp-hook.php:287
[14-May-2020 05:42:33 UTC] PHP   6. themes_api() C:\Users\lusal\Local Sites\nutrition-website\app\public\wp-admin\includes\ajax-actions.php:3512
[14-May-2020 06:07:55 UTC] Astra: Batch Process Started!
[14-May-2020 06:07:55 UTC] Astra: Queuing 2.3.3 - astra_elementor_default_color_typo_comp
[14-May-2020 06:07:55 UTC] Astra: Queuing 2.3.4 - astra_breadcrumb_separator_fix
[14-May-2020 06:07:55 UTC] Astra: Queuing 2.4.0 - astra_responsive_base_background_option
[14-May-2020 06:07:55 UTC] Astra: Queuing 2.4.0 - astra_update_theme_tablet_breakpoint
[14-May-2020 06:13:26 UTC] Astra: Batch Process Started!
[14-May-2020 06:13:27 UTC] Astra: Running migration without batch processing.
[14-May-2020 06:13:27 UTC] Astra: db version updated successfully!
